d:\изучение opengl\glfw-3.3.2\bild\examples\heightmap.dir\debug\vc142.pdb
d:\изучение opengl\glfw-3.3.2\bild\examples\heightmap.dir\debug\glad_gl.obj
d:\изучение opengl\glfw-3.3.2\bild\examples\heightmap.dir\debug\heightmap.obj
d:\изучение opengl\glfw-3.3.2\bild\examples\cmakefiles\generate.stamp
d:\изучение opengl\glfw-3.3.2\bild\examples\debug\heightmap.ilk
d:\изучение opengl\glfw-3.3.2\bild\examples\debug\heightmap.exe
d:\изучение opengl\glfw-3.3.2\bild\examples\debug\heightmap.pdb
d:\изучение opengl\glfw-3.3.2\bild\examples\heightmap.dir\debug\glfw.res
d:\изучение opengl\glfw-3.3.2\bild\examples\heightmap.dir\debug\heightmap.tlog\cl.command.1.tlog
d:\изучение opengl\glfw-3.3.2\bild\examples\heightmap.dir\debug\heightmap.tlog\cl.read.1.tlog
d:\изучение opengl\glfw-3.3.2\bild\examples\heightmap.dir\debug\heightmap.tlog\cl.write.1.tlog
d:\изучение opengl\glfw-3.3.2\bild\examples\heightmap.dir\debug\heightmap.tlog\custombuild.command.1.tlog
d:\изучение opengl\glfw-3.3.2\bild\examples\heightmap.dir\debug\heightmap.tlog\custombuild.read.1.tlog
d:\изучение opengl\glfw-3.3.2\bild\examples\heightmap.dir\debug\heightmap.tlog\custombuild.write.1.tlog
d:\изучение opengl\glfw-3.3.2\bild\examples\heightmap.dir\debug\heightmap.tlog\link.command.1.tlog
d:\изучение opengl\glfw-3.3.2\bild\examples\heightmap.dir\debug\heightmap.tlog\link.read.1.tlog
d:\изучение opengl\glfw-3.3.2\bild\examples\heightmap.dir\debug\heightmap.tlog\link.write.1.tlog
d:\изучение opengl\glfw-3.3.2\bild\examples\heightmap.dir\debug\heightmap.tlog\rc.command.1.tlog
d:\изучение opengl\glfw-3.3.2\bild\examples\heightmap.dir\debug\heightmap.tlog\rc.read.1.tlog
d:\изучение opengl\glfw-3.3.2\bild\examples\heightmap.dir\debug\heightmap.tlog\rc.write.1.tlog
