d:\изучение opengl\glfw-3.3.2\bild\examples\splitview.dir\debug\vc142.pdb
d:\изучение opengl\glfw-3.3.2\bild\examples\splitview.dir\debug\glad_gl.obj
d:\изучение opengl\glfw-3.3.2\bild\examples\splitview.dir\debug\splitview.obj
d:\изучение opengl\glfw-3.3.2\bild\examples\cmakefiles\generate.stamp
d:\изучение opengl\glfw-3.3.2\bild\examples\debug\splitview.ilk
d:\изучение opengl\glfw-3.3.2\bild\examples\debug\splitview.exe
d:\изучение opengl\glfw-3.3.2\bild\examples\debug\splitview.pdb
d:\изучение opengl\glfw-3.3.2\bild\examples\splitview.dir\debug\glfw.res
d:\изучение opengl\glfw-3.3.2\bild\examples\splitview.dir\debug\splitview.tlog\cl.command.1.tlog
d:\изучение opengl\glfw-3.3.2\bild\examples\splitview.dir\debug\splitview.tlog\cl.read.1.tlog
d:\изучение opengl\glfw-3.3.2\bild\examples\splitview.dir\debug\splitview.tlog\cl.write.1.tlog
d:\изучение opengl\glfw-3.3.2\bild\examples\splitview.dir\debug\splitview.tlog\custombuild.command.1.tlog
d:\изучение opengl\glfw-3.3.2\bild\examples\splitview.dir\debug\splitview.tlog\custombuild.read.1.tlog
d:\изучение opengl\glfw-3.3.2\bild\examples\splitview.dir\debug\splitview.tlog\custombuild.write.1.tlog
d:\изучение opengl\glfw-3.3.2\bild\examples\splitview.dir\debug\splitview.tlog\link.command.1.tlog
d:\изучение opengl\glfw-3.3.2\bild\examples\splitview.dir\debug\splitview.tlog\link.read.1.tlog
d:\изучение opengl\glfw-3.3.2\bild\examples\splitview.dir\debug\splitview.tlog\link.write.1.tlog
d:\изучение opengl\glfw-3.3.2\bild\examples\splitview.dir\debug\splitview.tlog\rc.command.1.tlog
d:\изучение opengl\glfw-3.3.2\bild\examples\splitview.dir\debug\splitview.tlog\rc.read.1.tlog
d:\изучение opengl\glfw-3.3.2\bild\examples\splitview.dir\debug\splitview.tlog\rc.write.1.tlog
