d:\изучение opengl\glfw-3.3.2\bild\examples\particles.dir\debug\vc142.pdb
d:\изучение opengl\glfw-3.3.2\bild\examples\particles.dir\debug\glad_gl.obj
d:\изучение opengl\glfw-3.3.2\bild\examples\particles.dir\debug\getopt.obj
d:\изучение opengl\glfw-3.3.2\bild\examples\particles.dir\debug\tinycthread.obj
d:\изучение opengl\glfw-3.3.2\bild\examples\particles.dir\debug\particles.obj
d:\изучение opengl\glfw-3.3.2\bild\examples\cmakefiles\generate.stamp
d:\изучение opengl\glfw-3.3.2\bild\examples\debug\particles.ilk
d:\изучение opengl\glfw-3.3.2\bild\examples\debug\particles.exe
d:\изучение opengl\glfw-3.3.2\bild\examples\debug\particles.pdb
d:\изучение opengl\glfw-3.3.2\bild\examples\particles.dir\debug\glfw.res
d:\изучение opengl\glfw-3.3.2\bild\examples\particles.dir\debug\particles.tlog\cl.command.1.tlog
d:\изучение opengl\glfw-3.3.2\bild\examples\particles.dir\debug\particles.tlog\cl.read.1.tlog
d:\изучение opengl\glfw-3.3.2\bild\examples\particles.dir\debug\particles.tlog\cl.write.1.tlog
d:\изучение opengl\glfw-3.3.2\bild\examples\particles.dir\debug\particles.tlog\custombuild.command.1.tlog
d:\изучение opengl\glfw-3.3.2\bild\examples\particles.dir\debug\particles.tlog\custombuild.read.1.tlog
d:\изучение opengl\glfw-3.3.2\bild\examples\particles.dir\debug\particles.tlog\custombuild.write.1.tlog
d:\изучение opengl\glfw-3.3.2\bild\examples\particles.dir\debug\particles.tlog\link.command.1.tlog
d:\изучение opengl\glfw-3.3.2\bild\examples\particles.dir\debug\particles.tlog\link.read.1.tlog
d:\изучение opengl\glfw-3.3.2\bild\examples\particles.dir\debug\particles.tlog\link.write.1.tlog
d:\изучение opengl\glfw-3.3.2\bild\examples\particles.dir\debug\particles.tlog\rc.command.1.tlog
d:\изучение opengl\glfw-3.3.2\bild\examples\particles.dir\debug\particles.tlog\rc.read.1.tlog
d:\изучение opengl\glfw-3.3.2\bild\examples\particles.dir\debug\particles.tlog\rc.write.1.tlog
