d:\изучение opengl\glfw-3.3.2\bild\examples\boing.dir\debug\vc142.pdb
d:\изучение opengl\glfw-3.3.2\bild\examples\boing.dir\debug\glad_gl.obj
d:\изучение opengl\glfw-3.3.2\bild\examples\boing.dir\debug\boing.obj
d:\изучение opengl\glfw-3.3.2\bild\examples\cmakefiles\generate.stamp
d:\изучение opengl\glfw-3.3.2\bild\examples\debug\boing.ilk
d:\изучение opengl\glfw-3.3.2\bild\examples\debug\boing.exe
d:\изучение opengl\glfw-3.3.2\bild\examples\debug\boing.pdb
d:\изучение opengl\glfw-3.3.2\bild\examples\boing.dir\debug\glfw.res
d:\изучение opengl\glfw-3.3.2\bild\examples\boing.dir\debug\boing.tlog\cl.command.1.tlog
d:\изучение opengl\glfw-3.3.2\bild\examples\boing.dir\debug\boing.tlog\cl.read.1.tlog
d:\изучение opengl\glfw-3.3.2\bild\examples\boing.dir\debug\boing.tlog\cl.write.1.tlog
d:\изучение opengl\glfw-3.3.2\bild\examples\boing.dir\debug\boing.tlog\custombuild.command.1.tlog
d:\изучение opengl\glfw-3.3.2\bild\examples\boing.dir\debug\boing.tlog\custombuild.read.1.tlog
d:\изучение opengl\glfw-3.3.2\bild\examples\boing.dir\debug\boing.tlog\custombuild.write.1.tlog
d:\изучение opengl\glfw-3.3.2\bild\examples\boing.dir\debug\boing.tlog\link.command.1.tlog
d:\изучение opengl\glfw-3.3.2\bild\examples\boing.dir\debug\boing.tlog\link.read.1.tlog
d:\изучение opengl\glfw-3.3.2\bild\examples\boing.dir\debug\boing.tlog\link.write.1.tlog
d:\изучение opengl\glfw-3.3.2\bild\examples\boing.dir\debug\boing.tlog\rc.command.1.tlog
d:\изучение opengl\glfw-3.3.2\bild\examples\boing.dir\debug\boing.tlog\rc.read.1.tlog
d:\изучение opengl\glfw-3.3.2\bild\examples\boing.dir\debug\boing.tlog\rc.write.1.tlog
