d:\изучение opengl\glfw-3.3.2\bild\examples\offscreen.dir\debug\vc142.pdb
d:\изучение opengl\glfw-3.3.2\bild\examples\offscreen.dir\debug\glad_gl.obj
d:\изучение opengl\glfw-3.3.2\bild\examples\offscreen.dir\debug\offscreen.obj
d:\изучение opengl\glfw-3.3.2\bild\examples\cmakefiles\generate.stamp
d:\изучение opengl\glfw-3.3.2\bild\examples\debug\offscreen.ilk
d:\изучение opengl\glfw-3.3.2\bild\examples\debug\offscreen.exe
d:\изучение opengl\glfw-3.3.2\bild\examples\debug\offscreen.pdb
d:\изучение opengl\glfw-3.3.2\bild\examples\offscreen.dir\debug\glfw.res
d:\изучение opengl\glfw-3.3.2\bild\examples\offscreen.dir\debug\offscreen.tlog\cl.command.1.tlog
d:\изучение opengl\glfw-3.3.2\bild\examples\offscreen.dir\debug\offscreen.tlog\cl.read.1.tlog
d:\изучение opengl\glfw-3.3.2\bild\examples\offscreen.dir\debug\offscreen.tlog\cl.write.1.tlog
d:\изучение opengl\glfw-3.3.2\bild\examples\offscreen.dir\debug\offscreen.tlog\custombuild.command.1.tlog
d:\изучение opengl\glfw-3.3.2\bild\examples\offscreen.dir\debug\offscreen.tlog\custombuild.read.1.tlog
d:\изучение opengl\glfw-3.3.2\bild\examples\offscreen.dir\debug\offscreen.tlog\custombuild.write.1.tlog
d:\изучение opengl\glfw-3.3.2\bild\examples\offscreen.dir\debug\offscreen.tlog\link.command.1.tlog
d:\изучение opengl\glfw-3.3.2\bild\examples\offscreen.dir\debug\offscreen.tlog\link.read.1.tlog
d:\изучение opengl\glfw-3.3.2\bild\examples\offscreen.dir\debug\offscreen.tlog\link.write.1.tlog
d:\изучение opengl\glfw-3.3.2\bild\examples\offscreen.dir\debug\offscreen.tlog\rc.command.1.tlog
d:\изучение opengl\glfw-3.3.2\bild\examples\offscreen.dir\debug\offscreen.tlog\rc.read.1.tlog
d:\изучение opengl\glfw-3.3.2\bild\examples\offscreen.dir\debug\offscreen.tlog\rc.write.1.tlog
