d:\изучение opengl\glfw-3.3.2\bild\examples\sharing.dir\debug\vc142.pdb
d:\изучение opengl\glfw-3.3.2\bild\examples\sharing.dir\debug\glad_gl.obj
d:\изучение opengl\glfw-3.3.2\bild\examples\sharing.dir\debug\sharing.obj
d:\изучение opengl\glfw-3.3.2\bild\examples\cmakefiles\generate.stamp
d:\изучение opengl\glfw-3.3.2\bild\examples\debug\sharing.ilk
d:\изучение opengl\glfw-3.3.2\bild\examples\debug\sharing.exe
d:\изучение opengl\glfw-3.3.2\bild\examples\debug\sharing.pdb
d:\изучение opengl\glfw-3.3.2\bild\examples\sharing.dir\debug\glfw.res
d:\изучение opengl\glfw-3.3.2\bild\examples\sharing.dir\debug\sharing.tlog\cl.command.1.tlog
d:\изучение opengl\glfw-3.3.2\bild\examples\sharing.dir\debug\sharing.tlog\cl.read.1.tlog
d:\изучение opengl\glfw-3.3.2\bild\examples\sharing.dir\debug\sharing.tlog\cl.write.1.tlog
d:\изучение opengl\glfw-3.3.2\bild\examples\sharing.dir\debug\sharing.tlog\custombuild.command.1.tlog
d:\изучение opengl\glfw-3.3.2\bild\examples\sharing.dir\debug\sharing.tlog\custombuild.read.1.tlog
d:\изучение opengl\glfw-3.3.2\bild\examples\sharing.dir\debug\sharing.tlog\custombuild.write.1.tlog
d:\изучение opengl\glfw-3.3.2\bild\examples\sharing.dir\debug\sharing.tlog\link.command.1.tlog
d:\изучение opengl\glfw-3.3.2\bild\examples\sharing.dir\debug\sharing.tlog\link.read.1.tlog
d:\изучение opengl\glfw-3.3.2\bild\examples\sharing.dir\debug\sharing.tlog\link.write.1.tlog
d:\изучение opengl\glfw-3.3.2\bild\examples\sharing.dir\debug\sharing.tlog\rc.command.1.tlog
d:\изучение opengl\glfw-3.3.2\bild\examples\sharing.dir\debug\sharing.tlog\rc.read.1.tlog
d:\изучение opengl\glfw-3.3.2\bild\examples\sharing.dir\debug\sharing.tlog\rc.write.1.tlog
