d:\изучение opengl\glfw-3.3.2\bild\examples\simple.dir\debug\vc142.pdb
d:\изучение opengl\glfw-3.3.2\bild\examples\simple.dir\debug\glad_gl.obj
d:\изучение opengl\glfw-3.3.2\bild\examples\simple.dir\debug\simple.obj
d:\изучение opengl\glfw-3.3.2\bild\examples\cmakefiles\generate.stamp
d:\изучение opengl\glfw-3.3.2\bild\examples\debug\simple.ilk
d:\изучение opengl\glfw-3.3.2\bild\examples\debug\simple.exe
d:\изучение opengl\glfw-3.3.2\bild\examples\debug\simple.pdb
d:\изучение opengl\glfw-3.3.2\bild\examples\simple.dir\debug\glfw.res
d:\изучение opengl\glfw-3.3.2\bild\examples\simple.dir\debug\simple.tlog\cl.command.1.tlog
d:\изучение opengl\glfw-3.3.2\bild\examples\simple.dir\debug\simple.tlog\cl.read.1.tlog
d:\изучение opengl\glfw-3.3.2\bild\examples\simple.dir\debug\simple.tlog\cl.write.1.tlog
d:\изучение opengl\glfw-3.3.2\bild\examples\simple.dir\debug\simple.tlog\custombuild.command.1.tlog
d:\изучение opengl\glfw-3.3.2\bild\examples\simple.dir\debug\simple.tlog\custombuild.read.1.tlog
d:\изучение opengl\glfw-3.3.2\bild\examples\simple.dir\debug\simple.tlog\custombuild.write.1.tlog
d:\изучение opengl\glfw-3.3.2\bild\examples\simple.dir\debug\simple.tlog\link.command.1.tlog
d:\изучение opengl\glfw-3.3.2\bild\examples\simple.dir\debug\simple.tlog\link.read.1.tlog
d:\изучение opengl\glfw-3.3.2\bild\examples\simple.dir\debug\simple.tlog\link.write.1.tlog
d:\изучение opengl\glfw-3.3.2\bild\examples\simple.dir\debug\simple.tlog\rc.command.1.tlog
d:\изучение opengl\glfw-3.3.2\bild\examples\simple.dir\debug\simple.tlog\rc.read.1.tlog
d:\изучение opengl\glfw-3.3.2\bild\examples\simple.dir\debug\simple.tlog\rc.write.1.tlog
