d:\изучение opengl\glfw-3.3.2\bild\examples\wave.dir\debug\vc142.pdb
d:\изучение opengl\glfw-3.3.2\bild\examples\wave.dir\debug\glad_gl.obj
d:\изучение opengl\glfw-3.3.2\bild\examples\wave.dir\debug\wave.obj
d:\изучение opengl\glfw-3.3.2\bild\examples\cmakefiles\generate.stamp
d:\изучение opengl\glfw-3.3.2\bild\examples\debug\wave.ilk
d:\изучение opengl\glfw-3.3.2\bild\examples\debug\wave.exe
d:\изучение opengl\glfw-3.3.2\bild\examples\debug\wave.pdb
d:\изучение opengl\glfw-3.3.2\bild\examples\wave.dir\debug\glfw.res
d:\изучение opengl\glfw-3.3.2\bild\examples\wave.dir\debug\wave.tlog\cl.command.1.tlog
d:\изучение opengl\glfw-3.3.2\bild\examples\wave.dir\debug\wave.tlog\cl.read.1.tlog
d:\изучение opengl\glfw-3.3.2\bild\examples\wave.dir\debug\wave.tlog\cl.write.1.tlog
d:\изучение opengl\glfw-3.3.2\bild\examples\wave.dir\debug\wave.tlog\custombuild.command.1.tlog
d:\изучение opengl\glfw-3.3.2\bild\examples\wave.dir\debug\wave.tlog\custombuild.read.1.tlog
d:\изучение opengl\glfw-3.3.2\bild\examples\wave.dir\debug\wave.tlog\custombuild.write.1.tlog
d:\изучение opengl\glfw-3.3.2\bild\examples\wave.dir\debug\wave.tlog\link.command.1.tlog
d:\изучение opengl\glfw-3.3.2\bild\examples\wave.dir\debug\wave.tlog\link.read.1.tlog
d:\изучение opengl\glfw-3.3.2\bild\examples\wave.dir\debug\wave.tlog\link.write.1.tlog
d:\изучение opengl\glfw-3.3.2\bild\examples\wave.dir\debug\wave.tlog\rc.command.1.tlog
d:\изучение opengl\glfw-3.3.2\bild\examples\wave.dir\debug\wave.tlog\rc.read.1.tlog
d:\изучение opengl\glfw-3.3.2\bild\examples\wave.dir\debug\wave.tlog\rc.write.1.tlog
