d:\изучение opengl\glfw-3.3.2\bild\examples\gears.dir\debug\vc142.pdb
d:\изучение opengl\glfw-3.3.2\bild\examples\gears.dir\debug\glad_gl.obj
d:\изучение opengl\glfw-3.3.2\bild\examples\gears.dir\debug\gears.obj
d:\изучение opengl\glfw-3.3.2\bild\examples\cmakefiles\generate.stamp
d:\изучение opengl\glfw-3.3.2\bild\examples\debug\gears.ilk
d:\изучение opengl\glfw-3.3.2\bild\examples\debug\gears.exe
d:\изучение opengl\glfw-3.3.2\bild\examples\debug\gears.pdb
d:\изучение opengl\glfw-3.3.2\bild\examples\gears.dir\debug\glfw.res
d:\изучение opengl\glfw-3.3.2\bild\examples\gears.dir\debug\gears.tlog\cl.command.1.tlog
d:\изучение opengl\glfw-3.3.2\bild\examples\gears.dir\debug\gears.tlog\cl.read.1.tlog
d:\изучение opengl\glfw-3.3.2\bild\examples\gears.dir\debug\gears.tlog\cl.write.1.tlog
d:\изучение opengl\glfw-3.3.2\bild\examples\gears.dir\debug\gears.tlog\custombuild.command.1.tlog
d:\изучение opengl\glfw-3.3.2\bild\examples\gears.dir\debug\gears.tlog\custombuild.read.1.tlog
d:\изучение opengl\glfw-3.3.2\bild\examples\gears.dir\debug\gears.tlog\custombuild.write.1.tlog
d:\изучение opengl\glfw-3.3.2\bild\examples\gears.dir\debug\gears.tlog\link.command.1.tlog
d:\изучение opengl\glfw-3.3.2\bild\examples\gears.dir\debug\gears.tlog\link.read.1.tlog
d:\изучение opengl\glfw-3.3.2\bild\examples\gears.dir\debug\gears.tlog\link.write.1.tlog
d:\изучение opengl\glfw-3.3.2\bild\examples\gears.dir\debug\gears.tlog\rc.command.1.tlog
d:\изучение opengl\glfw-3.3.2\bild\examples\gears.dir\debug\gears.tlog\rc.read.1.tlog
d:\изучение opengl\glfw-3.3.2\bild\examples\gears.dir\debug\gears.tlog\rc.write.1.tlog
